<?xml version="1.0" encoding="UTF-8"?>
<!-- Generated by org.testng.reporters.JUnitReportReporter -->
<testsuite hostname="LAPTOP-R325O2LI" failures="0" tests="3" name="Maven_HybridFramework_v1_utilities.Reporting1" time="14.126" errors="0" timestamp="2022-11-28T18:24:57 CST" skipped="0">
  <testcase classname="Maven_HybridFramework_v1_utilities.Reporting1" name="titleverification" time="4.217"/>
  <system-out/>
  <testcase classname="Maven_HybridFramework_v1_utilities.Reporting1" name="logintest" time="5.963"/>
  <system-out/>
  <testcase classname="Maven_HybridFramework_v1_utilities.Reporting1" name="logotest" time="3.946"/>
  <system-out/>
</testsuite> <!-- Maven_HybridFramework_v1_utilities.Reporting1 -->
