<?xml version="1.0" encoding="UTF-8"?>
<!-- Generated by org.testng.reporters.JUnitReportReporter -->
<testsuite hostname="LAPTOP-R325O2LI" failures="0" tests="1" name="Maven_HybridFramework_v1_testCases.tc_loginTest_001" time="13.414" errors="0" timestamp="2023-01-12T22:22:41 CST" skipped="0">
  <testcase classname="Maven_HybridFramework_v1_testCases.tc_loginTest_001" name="loginTest" time="13.414"/>
  <system-out/>
</testsuite> <!-- Maven_HybridFramework_v1_testCases.tc_loginTest_001 -->
