<?xml version="1.0" encoding="UTF-8"?>
<!-- Generated by org.testng.reporters.JUnitReportReporter -->
<testsuite hostname="LAPTOP-R325O2LI" failures="0" tests="1" name="Maoven.HybridFramework_v1_pageObjects.Practice_test2" time="5.407" errors="0" timestamp="2022-12-25T17:21:33 CST" skipped="0">
  <testcase classname="Maoven.HybridFramework_v1_pageObjects.Practice_test2" name="middle" time="5.407"/>
  <system-out/>
</testsuite> <!-- Maoven.HybridFramework_v1_pageObjects.Practice_test2 -->
