<?xml version="1.0" encoding="UTF-8"?>
<!-- Generated by org.testng.reporters.JUnitReportReporter -->
<testsuite hostname="LAPTOP-R325O2LI" failures="0" tests="1" name="Maoven.HybridFramework_v1_pageObjects.Practice_test1" time="19.929" errors="0" timestamp="2022-12-25T09:34:26 CST" skipped="0">
  <testcase classname="Maoven.HybridFramework_v1_pageObjects.Practice_test1" name="atwork" time="19.929"/>
  <system-out/>
</testsuite> <!-- Maoven.HybridFramework_v1_pageObjects.Practice_test1 -->
